<?xml version="1.0" encoding="UTF-8"?>
<!-- Generated by org.testng.reporters.JUnitReportReporter -->
<testsuite hostname="DESKTOP-M1HV3HK" failures="0" tests="1" name="com.prj.catlog.Categories" time="69.124" errors="0" timestamp="2021-12-17T15:06:32 IST" skipped="0">
  <testcase classname="com.prj.catlog.Categories" name="categories" time="69.124"/>
</testsuite> <!-- com.prj.catlog.Categories -->
