<?xml version="1.0" encoding="UTF-8"?>
<!-- Generated by org.testng.reporters.JUnitReportReporter -->
<testsuite hostname="DESKTOP-M1HV3HK" failures="0" tests="1" name="com.prj.extension.Marketplace" time="51.011" errors="0" timestamp="2021-12-17T15:06:32 IST" skipped="0">
  <testcase classname="com.prj.extension.Marketplace" name="marketplace" time="51.011"/>
</testsuite> <!-- com.prj.extension.Marketplace -->
